🚀 Servidor backend escuchando en: http://127.0.0.1:5003
✅ CONECTADO EXITOSAMENTE A MONGODB ATLAS (LUBRIPLUS)
MongoServerError: E11000 duplicate key error collection: lubriplus.usuarios index: usuario_1 dup key: { usuario: null }
    at InsertOneOperation.handleOk (/Applications/XAMPP/xamppfiles/htdocs/app_PIEA/backend/node_modules/mongodb/lib/operations/insert.js:51:19)
    at executeOperationWithRetries (/Applications/XAMPP/xamppfiles/htdocs/app_PIEA/backend/node_modules/mongodb/lib/operations/execute_operation.js:194:34)
    at process.processTicksAndRejections (node:internal/process/task_queues:105:5)
    at async executeOperation (/Applications/XAMPP/xamppfiles/htdocs/app_PIEA/backend/node_modules/mongodb/lib/operations/execute_operation.js:83:16)
    at async Collection.insertOne (/Applications/XAMPP/xamppfiles/htdocs/app_PIEA/backend/node_modules/mongodb/lib/collection.js:154:16)
    at async model.$__save (/Applications/XAMPP/xamppfiles/htdocs/app_PIEA/backend/node_modules/mongoose/lib/model.js:428:16)
    at async model.save (/Applications/XAMPP/xamppfiles/htdocs/app_PIEA/backend/node_modules/mongoose/lib/model.js:667:5)
    at async /Applications/XAMPP/xamppfiles/htdocs/app_PIEA/backend/server.js:43:9 {
  errorLabelSet: Set(0) {},
  errorResponse: {
    index: 0,
    code: 11000,
    errmsg: 'E11000 duplicate key error collection: lubriplus.usuarios index: usuario_1 dup key: { usuario: null }',
    keyPattern: { usuario: 1 },
    keyValue: { usuario: null }
  },
  index: 0,
  code: 11000,
  keyPattern: { usuario: 1 },
  keyValue: { usuario: null }
}
MongoServerError: E11000 duplicate key error collection: lubriplus.usuarios index: usuario_1 dup key: { usuario: null }
    at InsertOneOperation.handleOk (/Applications/XAMPP/xamppfiles/htdocs/app_PIEA/backend/node_modules/mongodb/lib/operations/insert.js:51:19)
    at executeOperationWithRetries (/Applications/XAMPP/xamppfiles/htdocs/app_PIEA/backend/node_modules/mongodb/lib/operations/execute_operation.js:194:34)
    at process.processTicksAndRejections (node:internal/process/task_queues:105:5)
    at async executeOperation (/Applications/XAMPP/xamppfiles/htdocs/app_PIEA/backend/node_modules/mongodb/lib/operations/execute_operation.js:83:16)
    at async Collection.insertOne (/Applications/XAMPP/xamppfiles/htdocs/app_PIEA/backend/node_modules/mongodb/lib/collection.js:154:16)
    at async model.$__save (/Applications/XAMPP/xamppfiles/htdocs/app_PIEA/backend/node_modules/mongoose/lib/model.js:428:16)
    at async model.save (/Applications/XAMPP/xamppfiles/htdocs/app_PIEA/backend/node_modules/mongoose/lib/model.js:667:5)
    at async /Applications/XAMPP/xamppfiles/htdocs/app_PIEA/backend/server.js:43:9 {
  errorLabelSet: Set(0) {},
  errorResponse: {
    index: 0,
    code: 11000,
    errmsg: 'E11000 duplicate key error collection: lubriplus.usuarios index: usuario_1 dup key: { usuario: null }',
    keyPattern: { usuario: 1 },
    keyValue: { usuario: null }
  },
  index: 0,
  code: 11000,
  keyPattern: { usuario: 1 },
  keyValue: { usuario: null }
}
MongoServerError: E11000 duplicate key error collection: lubriplus.usuarios index: usuario_1 dup key: { usuario: null }
    at InsertOneOperation.handleOk (/Applications/XAMPP/xamppfiles/htdocs/app_PIEA/backend/node_modules/mongodb/lib/operations/insert.js:51:19)
    at executeOperationWithRetries (/Applications/XAMPP/xamppfiles/htdocs/app_PIEA/backend/node_modules/mongodb/lib/operations/execute_operation.js:194:34)
    at process.processTicksAndRejections (node:internal/process/task_queues:105:5)
    at async executeOperation (/Applications/XAMPP/xamppfiles/htdocs/app_PIEA/backend/node_modules/mongodb/lib/operations/execute_operation.js:83:16)
    at async Collection.insertOne (/Applications/XAMPP/xamppfiles/htdocs/app_PIEA/backend/node_modules/mongodb/lib/collection.js:154:16)
    at async model.$__save (/Applications/XAMPP/xamppfiles/htdocs/app_PIEA/backend/node_modules/mongoose/lib/model.js:428:16)
    at async model.save (/Applications/XAMPP/xamppfiles/htdocs/app_PIEA/backend/node_modules/mongoose/lib/model.js:667:5)
    at async /Applications/XAMPP/xamppfiles/htdocs/app_PIEA/backend/server.js:43:9 {
  errorLabelSet: Set(0) {},
  errorResponse: {
    index: 0,
    code: 11000,
    errmsg: 'E11000 duplicate key error collection: lubriplus.usuarios index: usuario_1 dup key: { usuario: null }',
    keyPattern: { usuario: 1 },
    keyValue: { usuario: null }
  },
  index: 0,
  code: 11000,
  keyPattern: { usuario: 1 },
  keyValue: { usuario: null }
}
MongoServerError: E11000 duplicate key error collection: lubriplus.usuarios index: usuario_1 dup key: { usuario: null }
    at InsertOneOperation.handleOk (/Applications/XAMPP/xamppfiles/htdocs/app_PIEA/backend/node_modules/mongodb/lib/operations/insert.js:51:19)
    at executeOperationWithRetries (/Applications/XAMPP/xamppfiles/htdocs/app_PIEA/backend/node_modules/mongodb/lib/operations/execute_operation.js:194:34)
    at process.processTicksAndRejections (node:internal/process/task_queues:105:5)
    at async executeOperation (/Applications/XAMPP/xamppfiles/htdocs/app_PIEA/backend/node_modules/mongodb/lib/operations/execute_operation.js:83:16)
    at async Collection.insertOne (/Applications/XAMPP/xamppfiles/htdocs/app_PIEA/backend/node_modules/mongodb/lib/collection.js:154:16)
    at async model.$__save (/Applications/XAMPP/xamppfiles/htdocs/app_PIEA/backend/node_modules/mongoose/lib/model.js:428:16)
    at async model.save (/Applications/XAMPP/xamppfiles/htdocs/app_PIEA/backend/node_modules/mongoose/lib/model.js:667:5)
    at async /Applications/XAMPP/xamppfiles/htdocs/app_PIEA/backend/server.js:43:9 {
  errorLabelSet: Set(0) {},
  errorResponse: {
    index: 0,
    code: 11000,
    errmsg: 'E11000 duplicate key error collection: lubriplus.usuarios index: usuario_1 dup key: { usuario: null }',
    keyPattern: { usuario: 1 },
    keyValue: { usuario: null }
  },
  index: 0,
  code: 11000,
  keyPattern: { usuario: 1 },
  keyValue: { usuario: null }
}
MongoServerError: E11000 duplicate key error collection: lubriplus.usuarios index: usuario_1 dup key: { usuario: null }
    at InsertOneOperation.handleOk (/Applications/XAMPP/xamppfiles/htdocs/app_PIEA/backend/node_modules/mongodb/lib/operations/insert.js:51:19)
    at executeOperationWithRetries (/Applications/XAMPP/xamppfiles/htdocs/app_PIEA/backend/node_modules/mongodb/lib/operations/execute_operation.js:194:34)
    at process.processTicksAndRejections (node:internal/process/task_queues:105:5)
    at async executeOperation (/Applications/XAMPP/xamppfiles/htdocs/app_PIEA/backend/node_modules/mongodb/lib/operations/execute_operation.js:83:16)
    at async Collection.insertOne (/Applications/XAMPP/xamppfiles/htdocs/app_PIEA/backend/node_modules/mongodb/lib/collection.js:154:16)
    at async model.$__save (/Applications/XAMPP/xamppfiles/htdocs/app_PIEA/backend/node_modules/mongoose/lib/model.js:428:16)
    at async model.save (/Applications/XAMPP/xamppfiles/htdocs/app_PIEA/backend/node_modules/mongoose/lib/model.js:667:5)
    at async /Applications/XAMPP/xamppfiles/htdocs/app_PIEA/backend/server.js:43:9 {
  errorLabelSet: Set(0) {},
  errorResponse: {
    index: 0,
    code: 11000,
    errmsg: 'E11000 duplicate key error collection: lubriplus.usuarios index: usuario_1 dup key: { usuario: null }',
    keyPattern: { usuario: 1 },
    keyValue: { usuario: null }
  },
  index: 0,
  code: 11000,
  keyPattern: { usuario: 1 },
  keyValue: { usuario: null }
}
MongoServerError: E11000 duplicate key error collection: lubriplus.usuarios index: usuario_1 dup key: { usuario: null }
    at InsertOneOperation.handleOk (/Applications/XAMPP/xamppfiles/htdocs/app_PIEA/backend/node_modules/mongodb/lib/operations/insert.js:51:19)
    at executeOperationWithRetries (/Applications/XAMPP/xamppfiles/htdocs/app_PIEA/backend/node_modules/mongodb/lib/operations/execute_operation.js:194:34)
    at process.processTicksAndRejections (node:internal/process/task_queues:105:5)
    at async executeOperation (/Applications/XAMPP/xamppfiles/htdocs/app_PIEA/backend/node_modules/mongodb/lib/operations/execute_operation.js:83:16)
    at async Collection.insertOne (/Applications/XAMPP/xamppfiles/htdocs/app_PIEA/backend/node_modules/mongodb/lib/collection.js:154:16)
    at async model.$__save (/Applications/XAMPP/xamppfiles/htdocs/app_PIEA/backend/node_modules/mongoose/lib/model.js:428:16)
    at async model.save (/Applications/XAMPP/xamppfiles/htdocs/app_PIEA/backend/node_modules/mongoose/lib/model.js:667:5)
    at async /Applications/XAMPP/xamppfiles/htdocs/app_PIEA/backend/server.js:43:9 {
  errorLabelSet: Set(0) {},
  errorResponse: {
    index: 0,
    code: 11000,
    errmsg: 'E11000 duplicate key error collection: lubriplus.usuarios index: usuario_1 dup key: { usuario: null }',
    keyPattern: { usuario: 1 },
    keyValue: { usuario: null }
  },
  index: 0,
  code: 11000,
  keyPattern: { usuario: 1 },
  keyValue: { usuario: null }
}
MongoServerError: E11000 duplicate key error collection: lubriplus.usuarios index: usuario_1 dup key: { usuario: null }
    at InsertOneOperation.handleOk (/Applications/XAMPP/xamppfiles/htdocs/app_PIEA/backend/node_modules/mongodb/lib/operations/insert.js:51:19)
    at executeOperationWithRetries (/Applications/XAMPP/xamppfiles/htdocs/app_PIEA/backend/node_modules/mongodb/lib/operations/execute_operation.js:194:34)
    at process.processTicksAndRejections (node:internal/process/task_queues:105:5)
    at async executeOperation (/Applications/XAMPP/xamppfiles/htdocs/app_PIEA/backend/node_modules/mongodb/lib/operations/execute_operation.js:83:16)
    at async Collection.insertOne (/Applications/XAMPP/xamppfiles/htdocs/app_PIEA/backend/node_modules/mongodb/lib/collection.js:154:16)
    at async model.$__save (/Applications/XAMPP/xamppfiles/htdocs/app_PIEA/backend/node_modules/mongoose/lib/model.js:428:16)
    at async model.save (/Applications/XAMPP/xamppfiles/htdocs/app_PIEA/backend/node_modules/mongoose/lib/model.js:667:5)
    at async /Applications/XAMPP/xamppfiles/htdocs/app_PIEA/backend/server.js:43:9 {
  errorLabelSet: Set(0) {},
  errorResponse: {
    index: 0,
    code: 11000,
    errmsg: 'E11000 duplicate key error collection: lubriplus.usuarios index: usuario_1 dup key: { usuario: null }',
    keyPattern: { usuario: 1 },
    keyValue: { usuario: null }
  },
  index: 0,
  code: 11000,
  keyPattern: { usuario: 1 },
  keyValue: { usuario: null }
}
MongoServerError: E11000 duplicate key error collection: lubriplus.usuarios index: usuario_1 dup key: { usuario: null }
    at InsertOneOperation.handleOk (/Applications/XAMPP/xamppfiles/htdocs/app_PIEA/backend/node_modules/mongodb/lib/operations/insert.js:51:19)
    at executeOperationWithRetries (/Applications/XAMPP/xamppfiles/htdocs/app_PIEA/backend/node_modules/mongodb/lib/operations/execute_operation.js:194:34)
    at process.processTicksAndRejections (node:internal/process/task_queues:105:5)
    at async executeOperation (/Applications/XAMPP/xamppfiles/htdocs/app_PIEA/backend/node_modules/mongodb/lib/operations/execute_operation.js:83:16)
    at async Collection.insertOne (/Applications/XAMPP/xamppfiles/htdocs/app_PIEA/backend/node_modules/mongodb/lib/collection.js:154:16)
    at async model.$__save (/Applications/XAMPP/xamppfiles/htdocs/app_PIEA/backend/node_modules/mongoose/lib/model.js:428:16)
    at async model.save (/Applications/XAMPP/xamppfiles/htdocs/app_PIEA/backend/node_modules/mongoose/lib/model.js:667:5)
    at async /Applications/XAMPP/xamppfiles/htdocs/app_PIEA/backend/server.js:43:9 {
  errorLabelSet: Set(0) {},
  errorResponse: {
    index: 0,
    code: 11000,
    errmsg: 'E11000 duplicate key error collection: lubriplus.usuarios index: usuario_1 dup key: { usuario: null }',
    keyPattern: { usuario: 1 },
    keyValue: { usuario: null }
  },
  index: 0,
  code: 11000,
  keyPattern: { usuario: 1 },
  keyValue: { usuario: null }
}
MongoServerError: E11000 duplicate key error collection: lubriplus.usuarios index: usuario_1 dup key: { usuario: null }
    at InsertOneOperation.handleOk (/Applications/XAMPP/xamppfiles/htdocs/app_PIEA/backend/node_modules/mongodb/lib/operations/insert.js:51:19)
    at executeOperationWithRetries (/Applications/XAMPP/xamppfiles/htdocs/app_PIEA/backend/node_modules/mongodb/lib/operations/execute_operation.js:194:34)
    at process.processTicksAndRejections (node:internal/process/task_queues:105:5)
    at async executeOperation (/Applications/XAMPP/xamppfiles/htdocs/app_PIEA/backend/node_modules/mongodb/lib/operations/execute_operation.js:83:16)
    at async Collection.insertOne (/Applications/XAMPP/xamppfiles/htdocs/app_PIEA/backend/node_modules/mongodb/lib/collection.js:154:16)
    at async model.$__save (/Applications/XAMPP/xamppfiles/htdocs/app_PIEA/backend/node_modules/mongoose/lib/model.js:428:16)
    at async model.save (/Applications/XAMPP/xamppfiles/htdocs/app_PIEA/backend/node_modules/mongoose/lib/model.js:667:5)
    at async /Applications/XAMPP/xamppfiles/htdocs/app_PIEA/backend/server.js:43:9 {
  errorLabelSet: Set(0) {},
  errorResponse: {
    index: 0,
    code: 11000,
    errmsg: 'E11000 duplicate key error collection: lubriplus.usuarios index: usuario_1 dup key: { usuario: null }',
    keyPattern: { usuario: 1 },
    keyValue: { usuario: null }
  },
  index: 0,
  code: 11000,
  keyPattern: { usuario: 1 },
  keyValue: { usuario: null }
}
